{
  "C:\\Users\\jolab\\Desktop\\Goal-School\\src\\components\\TestFlatList.tsx": {
    "path": "C:\\Users\\jolab\\Desktop\\Goal-School\\src\\components\\TestFlatList.tsx",
    "statementMap": {},
    "fnMap": {},
    "branchMap": {},
    "s": {},
    "f": {},
    "b": {}
  },
  "C:\\Users\\jolab\\Desktop\\Goal-School\\src\\components\\index.ts": {
    "path": "C:\\Users\\jolab\\Desktop\\Goal-School\\src\\components\\index.ts",
    "statementMap": {},
    "fnMap": {},
    "branchMap": {},
    "s": {},
    "f": {},
    "b": {}
  },
  "C:\\Users\\jolab\\Desktop\\Goal-School\\src\\config\\loadEnv.js": {
    "path": "C:\\Users\\jolab\\Desktop\\Goal-School\\src\\config\\loadEnv.js",
    "statementMap": {
      "0": { "start": { "line": 2, "column": 13 }, "end": { "line": 2, "column": 28 } },
      "1": { "start": { "line": 3, "column": 15 }, "end": { "line": 3, "column": 32 } },
      "2": { "start": { "line": 5, "column": 12 }, "end": { "line": 5, "column": 49 } },
      "3": { "start": { "line": 7, "column": 14 }, "end": { "line": 7, "column": 20 } },
      "4": { "start": { "line": 8, "column": 0 }, "end": { "line": 8, "column": 54 } },
      "5": { "start": { "line": 8, "column": 26 }, "end": { "line": 8, "column": 54 } },
      "6": { "start": { "line": 9, "column": 0 }, "end": { "line": 9, "column": 42 } },
      "7": { "start": { "line": 9, "column": 20 }, "end": { "line": 9, "column": 42 } },
      "8": { "start": { "line": 11, "column": 0 }, "end": { "line": 11, "column": 62 } },
      "9": { "start": { "line": 13, "column": 0 }, "end": { "line": 13, "column": 55 } }
    },
    "fnMap": {},
    "branchMap": {
      "0": {
        "loc": { "start": { "line": 5, "column": 12 }, "end": { "line": 5, "column": 49 } },
        "type": "binary-expr",
        "locations": [
          { "start": { "line": 5, "column": 12 }, "end": { "line": 5, "column": 32 } },
          { "start": { "line": 5, "column": 36 }, "end": { "line": 5, "column": 49 } }
        ],
        "line": 5
      },
      "1": {
        "loc": { "start": { "line": 8, "column": 0 }, "end": { "line": 8, "column": 54 } },
        "type": "if",
        "locations": [
          { "start": { "line": 8, "column": 0 }, "end": { "line": 8, "column": 54 } },
          { "start": {}, "end": {} }
        ],
        "line": 8
      },
      "2": {
        "loc": { "start": { "line": 9, "column": 0 }, "end": { "line": 9, "column": 42 } },
        "type": "if",
        "locations": [
          { "start": { "line": 9, "column": 0 }, "end": { "line": 9, "column": 42 } },
          { "start": {}, "end": {} }
        ],
        "line": 9
      }
    },
    "s": { "0": 0, "1": 0, "2": 0, "3": 0, "4": 0, "5": 0, "6": 0, "7": 0, "8": 0, "9": 0 },
    "f": {},
    "b": { "0": [0, 0], "1": [0, 0], "2": [0, 0] }
  },
  "C:\\Users\\jolab\\Desktop\\Goal-School\\src\\config\\mysql.js": {
    "path": "C:\\Users\\jolab\\Desktop\\Goal-School\\src\\config\\mysql.js",
    "statementMap": {
      "0": { "start": { "line": 3, "column": 14 }, "end": { "line": 3, "column": 39 } },
      "1": { "start": { "line": 4, "column": 0 }, "end": { "line": 4, "column": 27 } },
      "2": { "start": { "line": 8, "column": 20 }, "end": { "line": 17, "column": 1 } },
      "3": { "start": { "line": 20, "column": 13 }, "end": { "line": 20, "column": 42 } },
      "4": { "start": { "line": 23, "column": 29 }, "end": { "line": 37, "column": 1 } },
      "5": { "start": { "line": 24, "column": 2 }, "end": { "line": 36, "column": 3 } },
      "6": { "start": { "line": 25, "column": 23 }, "end": { "line": 25, "column": 49 } },
      "7": { "start": { "line": 26, "column": 4 }, "end": { "line": 32, "column": 5 } },
      "8": { "start": { "line": 27, "column": 23 }, "end": { "line": 27, "column": 68 } },
      "9": { "start": { "line": 28, "column": 6 }, "end": { "line": 28, "column": 70 } },
      "10": { "start": { "line": 29, "column": 6 }, "end": { "line": 29, "column": 18 } },
      "11": { "start": { "line": 31, "column": 6 }, "end": { "line": 31, "column": 27 } },
      "12": { "start": { "line": 34, "column": 4 }, "end": { "line": 34, "column": 62 } },
      "13": { "start": { "line": 35, "column": 4 }, "end": { "line": 35, "column": 17 } },
      "14": { "start": { "line": 40, "column": 19 }, "end": { "line": 50, "column": 1 } },
      "15": { "start": { "line": 41, "column": 16 }, "end": { "line": 41, "column": 26 } },
      "16": { "start": { "line": 42, "column": 25 }, "end": { "line": 42, "column": 57 } },
      "17": { "start": { "line": 43, "column": 19 }, "end": { "line": 43, "column": 37 } },
      "18": { "start": { "line": 44, "column": 2 }, "end": { "line": 48, "column": 5 } },
      "19": { "start": { "line": 49, "column": 2 }, "end": { "line": 49, "column": 26 } },
      "20": { "start": { "line": 53, "column": 32 }, "end": { "line": 148, "column": 1 } },
      "21": { "start": { "line": 54, "column": 2 }, "end": { "line": 147, "column": 3 } },
      "22": { "start": { "line": 56, "column": 4 }, "end": { "line": 65, "column": 7 } },
      "23": { "start": { "line": 67, "column": 4 }, "end": { "line": 76, "column": 7 } },
      "24": { "start": { "line": 78, "column": 4 }, "end": { "line": 87, "column": 7 } },
      "25": { "start": { "line": 89, "column": 4 }, "end": { "line": 97, "column": 7 } },
      "26": { "start": { "line": 99, "column": 4 }, "end": { "line": 107, "column": 7 } },
      "27": { "start": { "line": 109, "column": 4 }, "end": { "line": 119, "column": 7 } },
      "28": { "start": { "line": 121, "column": 4 }, "end": { "line": 129, "column": 7 } },
      "29": { "start": { "line": 131, "column": 4 }, "end": { "line": 141, "column": 7 } },
      "30": { "start": { "line": 143, "column": 4 }, "end": { "line": 143, "column": 59 } },
      "31": { "start": { "line": 145, "column": 4 }, "end": { "line": 145, "column": 66 } },
      "32": { "start": { "line": 146, "column": 4 }, "end": { "line": 146, "column": 16 } },
      "33": { "start": { "line": 150, "column": 0 }, "end": { "line": 155, "column": 2 } }
    },
    "fnMap": {
      "0": {
        "name": "(anonymous_0)",
        "decl": { "start": { "line": 23, "column": 29 }, "end": { "line": 23, "column": 30 } },
        "loc": { "start": { "line": 23, "column": 41 }, "end": { "line": 37, "column": 1 } },
        "line": 23
      },
      "1": {
        "name": "(anonymous_1)",
        "decl": { "start": { "line": 40, "column": 19 }, "end": { "line": 40, "column": 20 } },
        "loc": { "start": { "line": 40, "column": 43 }, "end": { "line": 50, "column": 1 } },
        "line": 40
      },
      "2": {
        "name": "(anonymous_2)",
        "decl": { "start": { "line": 53, "column": 32 }, "end": { "line": 53, "column": 33 } },
        "loc": { "start": { "line": 53, "column": 44 }, "end": { "line": 148, "column": 1 } },
        "line": 53
      }
    },
    "branchMap": {
      "0": {
        "loc": { "start": { "line": 9, "column": 8 }, "end": { "line": 9, "column": 45 } },
        "type": "binary-expr",
        "locations": [
          { "start": { "line": 9, "column": 8 }, "end": { "line": 9, "column": 30 } },
          { "start": { "line": 9, "column": 34 }, "end": { "line": 9, "column": 45 } }
        ],
        "line": 9
      },
      "1": {
        "loc": { "start": { "line": 10, "column": 17 }, "end": { "line": 10, "column": 49 } },
        "type": "binary-expr",
        "locations": [
          { "start": { "line": 10, "column": 17 }, "end": { "line": 10, "column": 39 } },
          { "start": { "line": 10, "column": 43 }, "end": { "line": 10, "column": 49 } }
        ],
        "line": 10
      },
      "2": {
        "loc": { "start": { "line": 11, "column": 12 }, "end": { "line": 11, "column": 54 } },
        "type": "binary-expr",
        "locations": [
          { "start": { "line": 11, "column": 12 }, "end": { "line": 11, "column": 38 } },
          { "start": { "line": 11, "column": 42 }, "end": { "line": 11, "column": 54 } }
        ],
        "line": 11
      },
      "3": {
        "loc": { "start": { "line": 12, "column": 8 }, "end": { "line": 12, "column": 40 } },
        "type": "binary-expr",
        "locations": [
          { "start": { "line": 12, "column": 8 }, "end": { "line": 12, "column": 30 } },
          { "start": { "line": 12, "column": 34 }, "end": { "line": 12, "column": 40 } }
        ],
        "line": 12
      },
      "4": {
        "loc": { "start": { "line": 13, "column": 12 }, "end": { "line": 13, "column": 44 } },
        "type": "binary-expr",
        "locations": [
          { "start": { "line": 13, "column": 12 }, "end": { "line": 13, "column": 38 } },
          { "start": { "line": 13, "column": 42 }, "end": { "line": 13, "column": 44 } }
        ],
        "line": 13
      },
      "5": {
        "loc": { "start": { "line": 47, "column": 10 }, "end": { "line": 47, "column": 47 } },
        "type": "cond-expr",
        "locations": [
          { "start": { "line": 47, "column": 32 }, "end": { "line": 47, "column": 43 } },
          { "start": { "line": 47, "column": 46 }, "end": { "line": 47, "column": 47 } }
        ],
        "line": 47
      }
    },
    "s": {
      "0": 0,
      "1": 0,
      "2": 0,
      "3": 0,
      "4": 0,
      "5": 0,
      "6": 0,
      "7": 0,
      "8": 0,
      "9": 0,
      "10": 0,
      "11": 0,
      "12": 0,
      "13": 0,
      "14": 0,
      "15": 0,
      "16": 0,
      "17": 0,
      "18": 0,
      "19": 0,
      "20": 0,
      "21": 0,
      "22": 0,
      "23": 0,
      "24": 0,
      "25": 0,
      "26": 0,
      "27": 0,
      "28": 0,
      "29": 0,
      "30": 0,
      "31": 0,
      "32": 0,
      "33": 0
    },
    "f": { "0": 0, "1": 0, "2": 0 },
    "b": { "0": [0, 0], "1": [0, 0], "2": [0, 0], "3": [0, 0], "4": [0, 0], "5": [0, 0] }
  },
  "C:\\Users\\jolab\\Desktop\\Goal-School\\src\\constants\\arsenalColors.ts": {
    "path": "C:\\Users\\jolab\\Desktop\\Goal-School\\src\\constants\\arsenalColors.ts",
    "statementMap": {
      "0": { "start": { "line": 2, "column": 30 }, "end": { "line": 45, "column": 1 } }
    },
    "fnMap": {},
    "branchMap": {},
    "s": { "0": 0 },
    "f": {},
    "b": {}
  },
  "C:\\Users\\jolab\\Desktop\\Goal-School\\src\\constants\\designSystem.ts": {
    "path": "C:\\Users\\jolab\\Desktop\\Goal-School\\src\\constants\\designSystem.ts",
    "statementMap": {
      "0": { "start": { "line": 2, "column": 29 }, "end": { "line": 107, "column": 1 } }
    },
    "fnMap": {},
    "branchMap": {},
    "s": { "0": 0 },
    "f": {},
    "b": {}
  },
  "C:\\Users\\jolab\\Desktop\\Goal-School\\src\\constants\\index.ts": {
    "path": "C:\\Users\\jolab\\Desktop\\Goal-School\\src\\constants\\index.ts",
    "statementMap": {
      "0": { "start": { "line": 5, "column": 22 }, "end": { "line": 20, "column": 1 } },
      "1": { "start": { "line": 23, "column": 21 }, "end": { "line": 29, "column": 1 } },
      "2": { "start": { "line": 32, "column": 26 }, "end": { "line": 38, "column": 1 } },
      "3": { "start": { "line": 41, "column": 26 }, "end": { "line": 49, "column": 1 } },
      "4": { "start": { "line": 52, "column": 30 }, "end": { "line": 56, "column": 1 } },
      "5": { "start": { "line": 59, "column": 36 }, "end": { "line": 65, "column": 1 } },
      "6": { "start": { "line": 68, "column": 35 }, "end": { "line": 73, "column": 1 } },
      "7": { "start": { "line": 76, "column": 24 }, "end": { "line": 84, "column": 1 } }
    },
    "fnMap": {},
    "branchMap": {},
    "s": { "0": 0, "1": 0, "2": 0, "3": 0, "4": 0, "5": 0, "6": 0, "7": 0 },
    "f": {},
    "b": {}
  },
  "C:\\Users\\jolab\\Desktop\\Goal-School\\src\\services\\DatabaseInitService.js": {
    "path": "C:\\Users\\jolab\\Desktop\\Goal-School\\src\\services\\DatabaseInitService.js",
    "statementMap": {
      "0": { "start": { "line": 4, "column": 36 }, "end": { "line": 4, "column": 62 } },
      "1": { "start": { "line": 7, "column": 2 }, "end": { "line": 14, "column": 3 } },
      "2": { "start": { "line": 8, "column": 4 }, "end": { "line": 8, "column": 36 } },
      "3": { "start": { "line": 9, "column": 4 }, "end": { "line": 9, "column": 53 } },
      "4": { "start": { "line": 10, "column": 4 }, "end": { "line": 10, "column": 16 } },
      "5": { "start": { "line": 12, "column": 4 }, "end": { "line": 12, "column": 60 } },
      "6": { "start": { "line": 13, "column": 4 }, "end": { "line": 13, "column": 17 } },
      "7": { "start": { "line": 17, "column": 0 }, "end": { "line": 17, "column": 40 } }
    },
    "fnMap": {
      "0": {
        "name": "initializeDatabase",
        "decl": { "start": { "line": 6, "column": 15 }, "end": { "line": 6, "column": 33 } },
        "loc": { "start": { "line": 6, "column": 36 }, "end": { "line": 15, "column": 1 } },
        "line": 6
      }
    },
    "branchMap": {},
    "s": { "0": 0, "1": 0, "2": 0, "3": 0, "4": 0, "5": 0, "6": 0, "7": 0 },
    "f": { "0": 0 },
    "b": {}
  },
  "C:\\Users\\jolab\\Desktop\\Goal-School\\src\\services\\index.ts": {
    "path": "C:\\Users\\jolab\\Desktop\\Goal-School\\src\\services\\index.ts",
    "statementMap": {
      "0": { "start": { "line": 27, "column": 27 }, "end": { "line": 27, "column": 44 } }
    },
    "fnMap": {},
    "branchMap": {},
    "s": { "0": 0 },
    "f": {},
    "b": {}
  },
  "C:\\Users\\jolab\\Desktop\\Goal-School\\src\\services\\mysql.ts": {
    "path": "C:\\Users\\jolab\\Desktop\\Goal-School\\src\\services\\mysql.ts",
    "statementMap": {},
    "fnMap": {},
    "branchMap": {},
    "s": {},
    "f": {},
    "b": {}
  }
}
